<?xml version="1.0" encoding="UTF-8"?>
<testsuite xmlns:xsi="http://www.w3.org/2001/XMLSchema-instance" xsi:noNamespaceSchemaLocation="https://maven.apache.org/surefire/maven-surefire-plugin/xsd/surefire-test-report.xsd" name="com.ikunmanager.controller.StudentControllerTest" time="2.486" tests="8" errors="0" skipped="0" failures="0">
  <properties>
[...]
</properties>
  <testcase name="deleteStudent_whenStudentDoesNotExist_shouldReturnNotFound" classname="com.ikunmanager.controller.StudentControllerTest" time="0.173"/>
  <testcase name="getStudentById_whenStudentDoesNotExist_shouldReturnNotFound" classname="com.ikunmanager.controller.StudentControllerTest" time="0.033"/>
  <testcase name="deleteStudent_whenStudentExists_shouldReturnNoContent" classname="com.ikunmanager.controller.StudentControllerTest" time="0.008"/>
  <testcase name="getStudentById_whenStudentExists_shouldReturnStudent" classname="com.ikunmanager.controller.StudentControllerTest" time="0.087"/>
  <testcase name="updateStudent_whenStudentDoesNotExist_shouldReturnNotFound" classname="com.ikunmanager.controller.StudentControllerTest" time="0.049"/>
  <testcase name="getAllStudents_shouldReturnListOfStudents" classname="com.ikunmanager.controller.StudentControllerTest" time="0.022"/>
  <testcase name="createStudent_shouldReturnCreatedStudent" classname="com.ikunmanager.controller.StudentControllerTest" time="0.014"/>
  <testcase name="updateStudent_whenStudentExists_shouldReturnUpdatedStudent" classname="com.ikunmanager.controller.StudentControllerTest" time="0.008"/>
</testsuite>